<?xml version="1.0" encoding="UTF-8"?>
<!-- Generated by org.testng.reporters.JUnitReportReporter -->
<testsuite hostname="RahulHome" failures="0" tests="1" name="com.rahul.basic.SelectDropdown" time="4.067" errors="0" timestamp="2024-08-14T13:26:49 IST" skipped="0">
  <testcase classname="com.rahul.basic.SelectDropdown" name="changeCurrency" time="4.067"/>
</testsuite> <!-- com.rahul.basic.SelectDropdown -->
