<?xml version="1.0" encoding="UTF-8"?>
<!-- Generated by org.testng.reporters.JUnitReportReporter -->
<testsuite hostname="RahulHome" failures="0" tests="1" name="com.rahul.basic.Check" time="2.494" errors="0" timestamp="2024-07-27T12:05:55 IST" skipped="0">
  <testcase classname="com.rahul.basic.Check" name="check1" time="2.494"/>
</testsuite> <!-- com.rahul.basic.Check -->
