<?xml version="1.0" encoding="UTF-8"?>
<!-- Generated by org.testng.reporters.JUnitReportReporter -->
<testsuite hostname="RahulHome" failures="0" tests="1" name="com.rahul.basic.Streams_Lambdas" time="0.008" errors="0" timestamp="2024-08-07T10:38:03 IST" skipped="0">
  <testcase classname="com.rahul.basic.Streams_Lambdas" name="streams1" time="0.008"/>
</testsuite> <!-- com.rahul.basic.Streams_Lambdas -->
