<?xml version="1.0" encoding="UTF-8"?>
<!-- Generated by org.testng.reporters.JUnitReportReporter -->
<testsuite hostname="RahulHome" failures="0" tests="3" name="testNgPractice.DataProviders" time="0.002" errors="0" timestamp="2024-08-14T15:42:13 IST" skipped="0">
  <testcase classname="testNgPractice.DataProviders" name="test" time="0.000"/>
  <testcase classname="testNgPractice.DataProviders" name="test" time="0.001"/>
  <testcase classname="testNgPractice.DataProviders" name="test" time="0.001"/>
</testsuite> <!-- testNgPractice.DataProviders -->
