<?xml version="1.0" encoding="UTF-8"?>
<!-- Generated by org.testng.reporters.JUnitReportReporter -->
<testsuite hostname="RahulHome" failures="0" tests="1" name="com.rahul.basic.HandleAlerts" time="4.197" errors="0" timestamp="2024-07-28T10:52:46 IST" skipped="0">
  <testcase classname="com.rahul.basic.HandleAlerts" name="handleOk" time="4.197"/>
</testsuite> <!-- com.rahul.basic.HandleAlerts -->
