<?xml version="1.0" encoding="UTF-8"?>
<!-- Generated by org.testng.reporters.JUnitReportReporter -->
<testsuite hostname="RahulHome" failures="0" tests="1" name="EndToEndFramework.StandAloneTest" time="3.582" errors="0" timestamp="2024-08-15T17:05:32 IST" skipped="0">
  <testcase classname="EndToEndFramework.StandAloneTest" name="addcart" time="3.582"/>
</testsuite> <!-- EndToEndFramework.StandAloneTest -->
