<?xml version="1.0" encoding="UTF-8"?>
<!-- Generated by org.testng.reporters.JUnitReportReporter -->
<testsuite hostname="RahulHome" failures="0" tests="2" name="testNgPractice.Class1" time="0.006" errors="0" timestamp="2024-08-14T15:42:13 IST" skipped="0">
  <testcase classname="testNgPractice.Class1" name="method1" time="0.006"/>
  <testcase classname="testNgPractice.Class1" name="method2" time="0.000"/>
</testsuite> <!-- testNgPractice.Class1 -->
