<?xml version="1.0" encoding="UTF-8"?>
<!-- Generated by org.testng.reporters.JUnitReportReporter -->
<testsuite hostname="RahulHome" failures="0" tests="3" name="day34.FirstTest" time="0.008" errors="0" timestamp="2024-01-15T13:17:18 IST" skipped="0">
  <testcase classname="day34.FirstTest" name="openapp" time="0.006"/>
  <testcase classname="day34.FirstTest" name="login" time="0.001"/>
  <testcase classname="day34.FirstTest" name="logout" time="0.001"/>
</testsuite> <!-- day34.FirstTest -->
